<?xml version="1.0" encoding="UTF-8"?>
<testng-results ignored="0" total="2" passed="2" failed="0" skipped="0">
  <reporter-output>
  </reporter-output>
  <suite started-at="2021-06-16T00:16:31 IST" name="Default suite" finished-at="2021-06-16T00:16:41 IST" duration-ms="9849">
    <groups>
    </groups>
    <test started-at="2021-06-16T00:16:31 IST" name="Default test" finished-at="2021-06-16T00:16:41 IST" duration-ms="9849">
      <class name="com.qa.test.TestClass">
        <test-method is-config="true" signature="setup()[pri:0, instance:com.qa.test.TestClass@2fb3536e]" started-at="2021-06-16T00:16:31 IST" name="setup" finished-at="2021-06-16T00:16:37 IST" duration-ms="6061" status="PASS">
          <reporter-output>
          </reporter-output>
        </test-method> <!-- setup -->
        <test-method signature="TestCase1()[pri:0, instance:com.qa.test.TestClass@2fb3536e]" started-at="2021-06-16T00:16:37 IST" name="TestCase1" finished-at="2021-06-16T00:16:37 IST" duration-ms="5" status="PASS">
          <reporter-output>
          </reporter-output>
        </test-method> <!-- TestCase1 -->
        <test-method signature="TestCase2(java.lang.String)[pri:0, instance:com.qa.test.TestClass@2fb3536e]" started-at="2021-06-16T00:16:38 IST" name="TestCase2" data-provider="dataProviderClass" finished-at="2021-06-16T00:16:41 IST" duration-ms="3018" status="PASS">
          <params>
            <param index="0">
              <value>
                <![CDATA[Koyel]]>
              </value>
            </param>
          </params>
          <reporter-output>
          </reporter-output>
        </test-method> <!-- TestCase2 -->
      </class> <!-- com.qa.test.TestClass -->
    </test> <!-- Default test -->
  </suite> <!-- Default suite -->
</testng-results>
